number,value,params_depth,params_iterations,params_l2_leaf_reg,params_learning_rate,state
0,0.8745278996865204,5,200,2.8794987027743084,0.016086168279599335,COMPLETE
1,0.8745278996865204,5,200,9.46422997585095,0.04725465634350337,COMPLETE
2,0.8745278996865204,6,400,4.251098613974169,0.014124569718730218,COMPLETE
3,0.8723557692307693,6,150,6.15968271179479,0.19038215458238478,COMPLETE
4,0.8723557692307693,6,450,3.839353742634965,0.029512917376640812,COMPLETE
5,0.8745278996865204,5,400,4.679709109196773,0.017552717730729438,COMPLETE
6,0.8745278996865204,6,300,1.5819590422863894,0.017073525411384016,COMPLETE
7,0.8658709860755897,4,300,9.0648208126377,0.12104288105929664,COMPLETE
8,0.8745278996865204,7,250,1.0370303152842195,0.045261430514826465,COMPLETE
9,0.8615732571144525,4,400,1.3385505587667244,0.19602869635318174,COMPLETE
10,0.8745278996865204,10,100,2.2906878914446054,0.02913848757460955,COMPLETE
11,0.8745278996865204,3,200,2.6602121610768448,0.06315451552878835,COMPLETE
12,0.8723557692307693,8,200,9.505375395583927,0.07628594815049813,COMPLETE
13,0.8745278996865204,4,100,2.0688194176703685,0.028870630851670156,COMPLETE
14,0.8745278996865204,8,200,5.740417294612561,0.010597640430531194,COMPLETE
15,0.8745278996865204,3,250,3.377243158337127,0.04889340456882277,COMPLETE
16,0.8745278996865204,5,150,6.790874990356256,0.08975325690979885,COMPLETE
17,0.8745278996865204,5,250,2.856228597641671,0.025903940149689567,COMPLETE
18,0.8723557692307693,8,350,1.8880041720647034,0.02122119194254051,COMPLETE
19,0.8723557692307693,7,500,4.747335395270128,0.03948228629785694,COMPLETE
20,0.8745278996865204,10,150,7.903495463927681,0.010602726866891817,COMPLETE
21,0.8745278996865204,5,350,4.014231932540585,0.014023780135988066,COMPLETE
22,0.8745278996865204,7,500,4.924895980147068,0.012827208040828467,COMPLETE
23,0.8745278996865204,6,300,3.2966896257619966,0.03826099844416696,COMPLETE
24,0.8745278996865204,4,400,7.566853284284377,0.01935154469811448,COMPLETE
25,0.8723557692307693,5,350,2.8538573776583767,0.05236368433753804,COMPLETE
26,0.8745278996865204,9,200,2.3079837263174725,0.014512613773677659,COMPLETE
27,0.8701889660621153,6,250,4.094325020518131,0.035010939125920335,COMPLETE
28,0.8745278996865204,4,450,1.7239372292383197,0.023263061270948755,COMPLETE
29,0.8723557692307693,7,150,5.205349676302617,0.09719683566534112,COMPLETE
30,0.8723557692307693,5,150,5.598285253204378,0.14102212923686971,COMPLETE
31,0.8745278996865204,5,400,6.677993547183697,0.016556460275871106,COMPLETE
32,0.8745278996865204,6,400,4.500701875621647,0.011731110981853142,COMPLETE
33,0.8745278996865204,6,450,3.865463757301289,0.016634050633164553,COMPLETE
34,0.8745278996865204,5,450,3.285314486208233,0.019564888895823446,COMPLETE
35,0.8701889660621153,4,300,7.955497589112014,0.06459019021203838,COMPLETE
36,0.8723557692307693,3,350,2.5219240362345845,0.03375565520146064,COMPLETE
37,0.8745278996865204,6,400,1.4375175474353052,0.024526752455866198,COMPLETE
38,0.8745278996865204,5,250,9.875479799335858,0.0151036711599302,COMPLETE
39,0.8745278996865204,6,450,1.1024237611051697,0.018358429369658303,COMPLETE
40,0.8745278996865204,4,100,3.6385741244201104,0.012520319356079288,COMPLETE
41,0.8745278996865204,7,300,1.6436033772715375,0.021634976020910586,COMPLETE
42,0.8745278996865204,6,200,4.351155265226353,0.016383439438791766,COMPLETE
43,0.8745278996865204,5,250,1.2394328599568363,0.010517419447675235,COMPLETE
44,0.8745278996865204,7,200,2.0609058934118556,0.027762627574050822,COMPLETE
45,0.8745278996865204,5,350,6.004133358735014,0.0322471605541511,COMPLETE
46,0.8745278996865204,4,300,8.529831816380021,0.044023561822106,COMPLETE
47,0.8745278996865204,6,250,2.9702921220745955,0.013456410194312964,COMPLETE
48,0.8745278996865204,3,100,2.477920958554991,0.017957358179281607,COMPLETE
49,0.8680274010904516,5,500,1.469866781746134,0.06412973138734088,COMPLETE
50,0.8723557692307693,6,350,6.829015766957659,0.057299270404607694,COMPLETE
51,0.8723557692307693,8,200,1.1818737030071094,0.0463190494308592,COMPLETE
52,0.8701889660621153,7,300,1.053383601105112,0.07711625963189013,COMPLETE
53,0.8723557692307693,7,250,1.3229734996567513,0.04124115736836939,COMPLETE
54,0.8723557692307693,8,150,1.8466344767220653,0.05436352499294505,COMPLETE
55,0.8745278996865204,6,250,5.332828062700003,0.011464519187634964,COMPLETE
56,0.8745278996865204,5,200,3.717589304463716,0.021585963954262682,COMPLETE
57,0.8723557692307693,9,300,2.1892244666327576,0.029675709269684044,COMPLETE
58,0.8745278996865204,7,400,3.0107680312066982,0.014986235906908365,COMPLETE
59,0.8745278996865204,6,200,1.569277134752559,0.07402524186488674,COMPLETE
60,0.8745278996865204,5,150,4.775848129511323,0.0272540976077585,COMPLETE
61,0.8745278996865204,5,100,2.7683539509751003,0.037019263247457294,COMPLETE
62,0.8745278996865204,10,250,1.9474820653970257,0.030706116486943477,COMPLETE
63,0.8745278996865204,9,300,1.003868781329023,0.023834696022509913,COMPLETE
64,0.8745278996865204,10,150,2.4173691237799306,0.020093528126046808,COMPLETE
65,0.8745278996865204,9,350,2.6030599685739966,0.01728277479521111,COMPLETE
66,0.8745278996865204,4,200,3.277174446253928,0.0155461193529461,COMPLETE
67,0.8723557692307693,4,250,2.2783776827991042,0.05009967486639039,COMPLETE
68,0.8745278996865204,8,400,4.416221532951342,0.041930691778824206,COMPLETE
69,0.8745278996865204,6,350,6.4057156434453635,0.012323149091310534,COMPLETE
70,0.8701889660621153,5,450,3.5069864238251194,0.03603983376225968,COMPLETE
71,0.8745278996865204,3,150,2.6744953844350494,0.0615412207422168,COMPLETE
72,0.8723557692307693,3,200,1.778193057516974,0.1086973257643595,COMPLETE
73,0.8745278996865204,4,100,3.053971490184109,0.07370383314856037,COMPLETE
74,0.8745278996865204,7,250,4.062671611205368,0.013888669728192152,COMPLETE
75,0.8637196336121067,5,200,2.1093807497914687,0.1463224382396521,COMPLETE
76,0.8723557692307693,6,300,9.182971791469456,0.04518983046165152,COMPLETE
77,0.8745278996865204,6,250,2.006646274059207,0.056538499610179496,COMPLETE
78,0.8745278996865204,3,200,3.4865529251514236,0.02554823674142268,COMPLETE
79,0.8745278996865204,4,150,2.3719946447311995,0.01833254865349459,COMPLETE
80,0.8723557692307693,5,350,2.777465473103029,0.048233267741535246,COMPLETE
81,0.8745278996865204,3,100,2.258708357532527,0.022885984082483213,COMPLETE
82,0.8745278996865204,4,100,7.40382456349345,0.010025024987252626,COMPLETE
83,0.8745278996865204,4,100,1.6651085528239742,0.015942578834738725,COMPLETE
84,0.8745278996865204,5,150,1.3534355280707067,0.0335533866717826,COMPLETE
85,0.8745278996865204,4,100,3.1397878750807005,0.038537019580306614,COMPLETE
86,0.8745278996865204,3,450,1.5432470046754296,0.01972810928833312,COMPLETE
87,0.8745278996865204,5,150,1.1560650746727807,0.01319250363698542,COMPLETE
88,0.8701889660621153,6,400,2.5521100877630643,0.06773407979135523,COMPLETE
89,0.8723557692307693,8,200,2.915336481960546,0.09084524469131808,COMPLETE
90,0.8745278996865204,5,400,1.8431016953249952,0.011492635494792224,COMPLETE
91,0.8745278996865204,8,200,5.671625368561202,0.014031991086333543,COMPLETE
92,0.8745278996865204,7,200,5.128589539623128,0.052430354801598265,COMPLETE
93,0.8745278996865204,10,250,4.26406965335694,0.010787291872336405,COMPLETE
94,0.8745278996865204,9,150,8.139496700891431,0.012703286577895044,COMPLETE
95,0.8745278996865204,6,250,4.785124177371664,0.021028240252698734,COMPLETE
96,0.8745278996865204,8,200,6.099095211446372,0.01712568129821452,COMPLETE
97,0.8745278996865204,7,300,5.426192829544302,0.014753074890309652,COMPLETE
98,0.8723557692307693,6,500,7.111328945797394,0.041946244813355446,COMPLETE
99,0.8701889660621153,7,350,3.9083489890391956,0.02716628672189285,COMPLETE
