number,value,params_learning_rate,params_min_child_samples,params_n_estimators,params_num_leaves,params_reg_alpha,state
0,0.8815701348546515,0.017155187458635295,26,200,46,0.00402719540428634,COMPLETE
1,0.8789820017474995,0.024373700083914655,38,300,125,0.0003770258549340089,COMPLETE
2,0.8815701348546515,0.08479543079536973,50,250,29,0.016448425920977266,COMPLETE
3,0.8800572145081055,0.1489393407071062,24,450,55,0.08342392913067638,COMPLETE
4,0.8804948228399991,0.018941561895181126,35,400,47,0.0314949778215439,COMPLETE
5,0.8804948228399991,0.04076240480094955,29,150,37,1.4516219125225929,COMPLETE
6,0.8777301800053734,0.2594989815290903,28,150,63,0.035674240361867456,COMPLETE
7,0.8784530154880649,0.12044671292504903,12,100,127,0.0004297084544567454,COMPLETE
8,0.8803183369144324,0.1056742502464997,21,250,15,0.0001965154172907909,COMPLETE
9,0.8815701348546515,0.03285878784344749,27,450,94,7.317481773238126,COMPLETE
10,0.8800572145081055,0.01712617063575696,6,350,80,0.003851049331439636,COMPLETE
11,0.8803183369144324,0.06677730462082003,50,250,22,0.002943705802944723,COMPLETE
12,0.8812986813608995,0.011475398095110024,49,200,35,0.0046415270383385505,COMPLETE
13,0.8815701348546515,0.0668629483886488,43,300,33,0.23935523320772395,COMPLETE
14,0.8800572145081055,0.06131708256394197,17,200,75,0.010676884138323784,COMPLETE
15,0.8815701348546515,0.2544850791576272,34,100,55,0.0010390248141301842,COMPLETE
16,0.8815701348546515,0.010262824835393274,42,250,43,0.34093780123520717,COMPLETE
17,0.8800572145081055,0.04001686256175798,15,350,93,0.020907487361987373,COMPLETE
18,0.8815701348546515,0.08857390440648469,33,200,25,0.0011023199419642833,COMPLETE
19,0.8789820017474995,0.164021382442736,44,350,65,0.28492867244866094,COMPLETE
20,0.8784530154880649,0.029139036188746324,22,500,52,0.01058582535941618,COMPLETE
21,0.8815701348546515,0.03748092340585889,26,500,104,8.382950253880908,COMPLETE
22,0.8804948228399991,0.01666290542138605,30,400,96,9.062668854307125,COMPLETE
23,0.8804948228399991,0.02440331713906393,18,150,113,1.7810930527672086,COMPLETE
24,0.8800572145081055,0.045646411106072704,39,300,86,0.08005484685259162,COMPLETE
25,0.8815701348546515,0.013501851759222335,31,450,67,0.0015051848271231104,COMPLETE
26,0.8803183369144324,0.031231095543002827,25,250,24,0.009760277321960255,COMPLETE
27,0.8804948228399991,0.02428785816632074,21,200,110,1.306019666930322,COMPLETE
28,0.8788067823226274,0.05533431316418274,12,400,44,0.06733431324299129,COMPLETE
29,0.8800572145081055,0.07724678656262467,39,300,78,0.0003406992496295084,COMPLETE
30,0.8815701348546515,0.0227038094962621,36,250,89,3.176757881160545,COMPLETE
31,0.8784530154880649,0.07756592544365068,46,300,35,0.23901047876266485,COMPLETE
32,0.8803183369144324,0.05058988631749943,47,300,31,0.6406492685290887,COMPLETE
33,0.8772089761156174,0.13187450256521424,42,350,15,0.1338779314974492,COMPLETE
34,0.8773782108940561,0.03326155201942642,46,450,56,0.027552388936767154,COMPLETE
35,0.8790715246546035,0.1686064811217126,27,150,40,2.849729795712538,COMPLETE
36,0.8800572145081055,0.09430782359601028,32,200,50,0.05222413533309051,COMPLETE
37,0.8815701348546515,0.013264855152292311,37,250,29,0.6583215349183189,COMPLETE
38,0.8772089761156174,0.0683308360469659,42,450,59,0.1546757742572456,COMPLETE
39,0.8800572145081055,0.04682522289815634,28,300,46,0.006434679893887258,COMPLETE
40,0.8800572145081055,0.2046277638057894,24,400,119,0.01593684247314366,COMPLETE
41,0.8800572145081055,0.21498650278288786,33,100,60,0.0017864189249295881,COMPLETE
42,0.8800572145081055,0.11141040228488629,49,150,71,0.00016183724208117625,COMPLETE
43,0.8815701348546515,0.019469655988749206,35,100,40,0.0005171270311927905,COMPLETE
44,0.8804948228399991,0.05940842529137223,40,100,32,0.0032678216881013313,COMPLETE
45,0.8799646693339159,0.23997349704906493,29,150,19,0.0006999402944911989,COMPLETE
46,0.8815701348546515,0.02746378536869779,50,250,51,0.006007217255638168,COMPLETE
47,0.8815701348546515,0.035924861961422784,44,350,48,0.002081022437123996,COMPLETE
48,0.8784530154880649,0.1345699282050549,34,200,39,0.018655428291232064,COMPLETE
49,0.8788067823226274,0.2803338284837081,48,250,27,0.0009363619951926514,COMPLETE
50,0.8815701348546515,0.01859149775072842,23,350,55,0.03458352505972613,COMPLETE
51,0.8815701348546515,0.01197589139898081,42,200,43,0.46599639529979076,COMPLETE
52,0.8815701348546515,0.015255962368943192,44,250,33,4.29960178103264,COMPLETE
53,0.8815701348546515,0.010623696997888473,37,500,36,0.0002950537592753098,COMPLETE
54,0.8776980007440236,0.0101765674342543,5,200,69,0.04727457133903263,COMPLETE
55,0.8815701348546515,0.04217225635456369,19,150,102,1.3627070057010178,COMPLETE
56,0.8802269254441485,0.01564589174062283,30,300,22,0.14513367160545432,COMPLETE
57,0.8815701348546515,0.021632947923866903,26,200,63,0.007307092679705809,COMPLETE
58,0.8784530154880649,0.08722011543062305,40,250,43,0.0025538044829719695,COMPLETE
59,0.878889765485861,0.014035987439711893,46,400,54,0.004163760373900095,COMPLETE
60,0.8804948228399991,0.027280628802543075,31,300,80,5.706530134305563,COMPLETE
61,0.8803183369144324,0.07065574353726295,33,250,27,0.0012234207894813232,COMPLETE
62,0.8787192491880053,0.09877297052267225,35,200,19,0.0010392158479322424,COMPLETE
63,0.8800572145081055,0.07819354739977381,27,300,25,0.00010378698114873718,COMPLETE
64,0.8799646693339159,0.060059115611885275,44,150,36,0.31064956453267295,COMPLETE
65,0.8784530154880649,0.08790301778347859,38,250,32,0.013601355154538195,COMPLETE
66,0.8789820017474995,0.16996621429068415,25,350,47,0.8562818223581816,COMPLETE
67,0.8804948228399991,0.012296091930547485,41,250,40,0.0006236039388832057,COMPLETE
68,0.8815701348546515,0.0546828091357302,21,200,29,0.10757313744847825,COMPLETE
69,0.8804948228399991,0.12776105828079246,29,100,84,0.027603978791442146,COMPLETE
70,0.8756129713217747,0.10364335884654921,32,300,18,0.21415809945914546,COMPLETE
71,0.8815701348546515,0.03363953195827135,23,500,102,7.43862510437998,COMPLETE
72,0.8785939363872075,0.03687231950732451,25,500,108,3.031405965161052,COMPLETE
73,0.8777301800053734,0.049887368788111654,28,450,96,1.9701237088256105,COMPLETE
74,0.8815701348546515,0.044142995446463155,26,450,112,8.137270725020835,COMPLETE
75,0.8815701348546515,0.11276572101356944,19,500,105,4.084431019062609,COMPLETE
76,0.8800572145081055,0.039736750703406994,9,250,118,0.009274295647502075,COMPLETE
77,0.8800572145081055,0.030612281726850623,30,400,44,2.0509691647557076,COMPLETE
78,0.8794217724650825,0.14829014833872312,48,450,94,9.649112362118121,COMPLETE
79,0.8784530154880649,0.06367180013708164,36,200,59,0.0023300531274515974,COMPLETE
80,0.8803183369144324,0.07347237869332693,43,300,123,6.108336490051956,COMPLETE
81,0.8815701348546515,0.011175366390740434,33,500,73,0.0004170917263717098,COMPLETE
82,0.8815701348546515,0.012873704145574188,31,450,64,0.0013676538374404394,COMPLETE
83,0.8804948228399991,0.013891721028300047,29,400,38,0.0014240491237262516,COMPLETE
84,0.8799646693339159,0.015966796977655958,26,500,52,0.0007373759492573736,COMPLETE
85,0.8815701348546515,0.01773292229238644,34,100,66,0.0036671379742228938,COMPLETE
86,0.878889765485861,0.019767048703524914,50,350,49,0.0018361917393563277,COMPLETE
87,0.8787192491880053,0.08860125193863681,38,450,75,0.9845657384712345,COMPLETE
88,0.8815701348546515,0.05341301351116002,24,150,34,0.0056454463839651055,COMPLETE
89,0.8815701348546515,0.026051345691795128,32,250,90,0.00027893104865932104,COMPLETE
90,0.8804948228399991,0.022037939676901316,45,450,41,0.41918686454230825,COMPLETE
91,0.8815701348546515,0.02226842825145702,36,200,86,3.022150612209741,COMPLETE
92,0.8815701348546515,0.011046983046596962,28,250,100,4.270847233516683,COMPLETE
93,0.8804948228399991,0.01450928977637323,39,250,23,6.342439232006987,COMPLETE
94,0.8804948228399991,0.024655764716465273,31,150,99,0.058353028090751255,COMPLETE
95,0.8815701348546515,0.017137001229962805,34,200,89,0.042941191894819854,COMPLETE
96,0.8800572145081055,0.08256181041402819,36,300,57,0.0009220123035902193,COMPLETE
97,0.8784530154880649,0.19206206762417508,27,250,80,0.0029974624230940335,COMPLETE
98,0.8815701348546515,0.020062191277465828,41,100,30,0.07861164465926934,COMPLETE
99,0.8815701348546515,0.010117219876436207,37,150,61,0.0016200464842474793,COMPLETE
